0 info it worked if it ends with ok
1 verbose cli [ '/usr/bin/node',
1 verbose cli   '/usr/bin/npm',
1 verbose cli   'install',
1 verbose cli   '-g',
1 verbose cli   'browser-sync' ]
2 info using npm@1.4.28
3 info using node@v0.10.37
4 verbose node symlink /usr/bin/node
5 verbose cache add [ 'browser-sync', null ]
6 verbose cache add name=undefined spec="browser-sync" args=["browser-sync",null]
7 verbose parsed url { protocol: null,
7 verbose parsed url   slashes: null,
7 verbose parsed url   auth: null,
7 verbose parsed url   host: null,
7 verbose parsed url   port: null,
7 verbose parsed url   hostname: null,
7 verbose parsed url   hash: null,
7 verbose parsed url   search: null,
7 verbose parsed url   query: null,
7 verbose parsed url   pathname: 'browser-sync',
7 verbose parsed url   path: 'browser-sync',
7 verbose parsed url   href: 'browser-sync' }
8 silly lockFile 6d7be3df-browser-sync browser-sync
9 verbose lock browser-sync /home/annu/.npm/6d7be3df-browser-sync.lock
10 silly lockFile 6d7be3df-browser-sync browser-sync
11 silly lockFile 6d7be3df-browser-sync browser-sync
12 verbose addNamed [ 'browser-sync', '' ]
13 verbose addNamed [ null, '*' ]
14 silly lockFile 6373e9ab-browser-sync browser-sync@
15 verbose lock browser-sync@ /home/annu/.npm/6373e9ab-browser-sync.lock
16 silly addNameRange { name: 'browser-sync', range: '*', hasData: false }
17 verbose request where is /browser-sync
18 verbose request registry https://registry.npmjs.org/
19 verbose request id 0751f9c17837be59
20 verbose url raw /browser-sync
21 verbose url resolving [ 'https://registry.npmjs.org/', './browser-sync' ]
22 verbose url resolved https://registry.npmjs.org/browser-sync
23 verbose request where is https://registry.npmjs.org/browser-sync
24 info trying registry request attempt 1 at 22:29:07
25 http GET https://registry.npmjs.org/browser-sync
26 http 200 https://registry.npmjs.org/browser-sync
27 silly registry.get cb [ 200,
27 silly registry.get   { date: 'Thu, 16 Apr 2015 16:59:09 GMT',
27 silly registry.get     server: 'CouchDB/1.5.0 (Erlang OTP/R16B03)',
27 silly registry.get     etag: '"BZBPY7GFC17LARFBG08HMWHU3"',
27 silly registry.get     'content-type': 'application/json',
27 silly registry.get     'cache-control': 'max-age=60',
27 silly registry.get     'content-length': '306125',
27 silly registry.get     'accept-ranges': 'bytes',
27 silly registry.get     via: '1.1 varnish',
27 silly registry.get     age: '0',
27 silly registry.get     'x-served-by': 'cache-sn89-SIN',
27 silly registry.get     'x-cache': 'HIT',
27 silly registry.get     'x-cache-hits': '1',
27 silly registry.get     'x-timer': 'S1429203548.511607,VS0,VE986',
27 silly registry.get     vary: 'Accept',
27 silly registry.get     'keep-alive': 'timeout=10, max=50',
27 silly registry.get     connection: 'Keep-Alive' } ]
28 silly addNameRange number 2 { name: 'browser-sync', range: '*', hasData: true }
29 silly addNameRange versions [ 'browser-sync',
29 silly addNameRange   [ '0.1.0',
29 silly addNameRange     '0.1.1',
29 silly addNameRange     '0.1.3',
29 silly addNameRange     '0.1.5',
29 silly addNameRange     '0.1.6',
29 silly addNameRange     '0.1.7',
29 silly addNameRange     '0.1.8',
29 silly addNameRange     '0.1.9',
29 silly addNameRange     '0.1.10',
29 silly addNameRange     '0.2.0',
29 silly addNameRange     '0.2.1',
29 silly addNameRange     '0.3.0',
29 silly addNameRange     '0.3.1',
29 silly addNameRange     '0.3.2',
29 silly addNameRange     '0.3.3',
29 silly addNameRange     '0.3.4',
29 silly addNameRange     '0.3.5',
29 silly addNameRange     '0.3.6',
29 silly addNameRange     '0.3.7',
29 silly addNameRange     '0.3.8',
29 silly addNameRange     '0.3.10',
29 silly addNameRange     '0.4.0',
29 silly addNameRange     '0.4.1',
29 silly addNameRange     '0.4.2',
29 silly addNameRange     '0.4.21',
29 silly addNameRange     '0.4.3',
29 silly addNameRange     '0.4.4',
29 silly addNameRange     '0.4.5',
29 silly addNameRange     '0.4.6',
29 silly addNameRange     '0.4.7',
29 silly addNameRange     '0.4.8',
29 silly addNameRange     '0.4.9',
29 silly addNameRange     '0.4.10',
29 silly addNameRange     '0.4.11',
29 silly addNameRange     '0.4.12',
29 silly addNameRange     '0.5.0',
29 silly addNameRange     '0.5.1',
29 silly addNameRange     '0.5.2',
29 silly addNameRange     '0.5.3',
29 silly addNameRange     '0.5.4',
29 silly addNameRange     '0.5.5',
29 silly addNameRange     '0.5.6',
29 silly addNameRange     '0.5.7',
29 silly addNameRange     '0.5.8',
29 silly addNameRange     '0.5.9',
29 silly addNameRange     '0.6.0',
29 silly addNameRange     '0.6.1',
29 silly addNameRange     '0.6.2',
29 silly addNameRange     '0.7.0',
29 silly addNameRange     '0.7.1',
29 silly addNameRange     '0.7.2',
29 silly addNameRange     '0.7.3',
29 silly addNameRange     '0.7.4',
29 silly addNameRange     '0.7.5',
29 silly addNameRange     '0.7.7',
29 silly addNameRange     '0.8.0',
29 silly addNameRange     '0.8.1',
29 silly addNameRange     '0.8.2',
29 silly addNameRange     '0.9.0',
29 silly addNameRange     '0.9.1',
29 silly addNameRange     '1.0.0',
29 silly addNameRange     '1.1.0',
29 silly addNameRange     '1.1.1',
29 silly addNameRange     '1.1.2',
29 silly addNameRange     '1.2.0',
29 silly addNameRange     '1.2.1',
29 silly addNameRange     '1.3.0',
29 silly addNameRange     '1.3.2',
29 silly addNameRange     '1.3.3',
29 silly addNameRange     '1.3.4',
29 silly addNameRange     '1.3.5',
29 silly addNameRange     '1.3.6',
29 silly addNameRange     '1.3.7',
29 silly addNameRange     '1.5.0',
29 silly addNameRange     '1.5.1',
29 silly addNameRange     '1.5.2',
29 silly addNameRange     '1.5.3',
29 silly addNameRange     '1.5.4',
29 silly addNameRange     '1.5.5',
29 silly addNameRange     '1.5.6',
29 silly addNameRange     '1.5.7',
29 silly addNameRange     '1.5.8',
29 silly addNameRange     '1.5.9',
29 silly addNameRange     '1.6.0',
29 silly addNameRange     '1.6.1',
29 silly addNameRange     '1.6.2',
29 silly addNameRange     '1.6.3',
29 silly addNameRange     '1.6.4',
29 silly addNameRange     '1.6.5',
29 silly addNameRange     '1.7.0',
29 silly addNameRange     '1.7.1',
29 silly addNameRange     '1.7.2',
29 silly addNameRange     '1.7.3',
29 silly addNameRange     '1.8.0',
29 silly addNameRange     '1.8.1',
29 silly addNameRange     '1.8.2',
29 silly addNameRange     '1.8.3',
29 silly addNameRange     '1.9.0',
29 silly addNameRange     '1.9.1',
29 silly addNameRange     '2.0.0-rc1',
29 silly addNameRange     '2.0.0-rc2',
29 silly addNameRange     '2.0.0-rc3',
29 silly addNameRange     '2.0.0-rc4',
29 silly addNameRange     '2.0.0-rc5',
29 silly addNameRange     '2.0.0-rc6',
29 silly addNameRange     '2.0.0-rc7',
29 silly addNameRange     '2.0.0-rc8',
29 silly addNameRange     '2.0.0-rc9',
29 silly addNameRange     '2.0.0-rc10',
29 silly addNameRange     '2.0.0',
29 silly addNameRange     '2.0.1',
29 silly addNameRange     '2.1.0',
29 silly addNameRange     '2.1.1',
29 silly addNameRange     '2.1.2',
29 silly addNameRange     '2.1.3',
29 silly addNameRange     '2.1.4',
29 silly addNameRange     '2.1.6',
29 silly addNameRange     '2.2.0',
29 silly addNameRange     '2.2.1',
29 silly addNameRange     '2.2.2',
29 silly addNameRange     '2.2.3',
29 silly addNameRange     '2.2.4',
29 silly addNameRange     '2.2.5',
29 silly addNameRange     '2.3.0',
29 silly addNameRange     '2.3.1',
29 silly addNameRange     '2.3.2',
29 silly addNameRange     '2.4.0',
29 silly addNameRange     '2.4.1',
29 silly addNameRange     '2.5.0',
29 silly addNameRange     '2.5.1',
29 silly addNameRange     '2.5.2',
29 silly addNameRange     '2.5.3',
29 silly addNameRange     '2.6.0',
29 silly addNameRange     '2.6.1',
29 silly addNameRange     '2.6.2',
29 silly addNameRange     '2.6.3',
29 silly addNameRange     '2.6.4' ] ]
30 verbose addNamed [ 'browser-sync', '2.6.4' ]
31 verbose addNamed [ '2.6.4', '2.6.4' ]
32 silly lockFile 910860d3-browser-sync-2-6-4 browser-sync@2.6.4
33 verbose lock browser-sync@2.6.4 /home/annu/.npm/910860d3-browser-sync-2-6-4.lock
34 silly lockFile f30a8f30-wser-sync-browser-sync-2-6-4-tgz https://registry.npmjs.org/browser-sync/-/browser-sync-2.6.4.tgz
35 verbose lock https://registry.npmjs.org/browser-sync/-/browser-sync-2.6.4.tgz /home/annu/.npm/f30a8f30-wser-sync-browser-sync-2-6-4-tgz.lock
36 verbose addRemoteTarball [ 'https://registry.npmjs.org/browser-sync/-/browser-sync-2.6.4.tgz',
36 verbose addRemoteTarball   'b062a47824273637da4cec188d52923622380b94' ]
37 info retry fetch attempt 1 at 22:29:25
38 verbose fetch to= /tmp/npm-10252-NQO5WG5w/registry.npmjs.org/browser-sync/-/browser-sync-2.6.4.tgz
39 http GET https://registry.npmjs.org/browser-sync/-/browser-sync-2.6.4.tgz
40 http 200 https://registry.npmjs.org/browser-sync/-/browser-sync-2.6.4.tgz
41 silly lockFile f30a8f30-wser-sync-browser-sync-2-6-4-tgz https://registry.npmjs.org/browser-sync/-/browser-sync-2.6.4.tgz
42 silly lockFile f30a8f30-wser-sync-browser-sync-2-6-4-tgz https://registry.npmjs.org/browser-sync/-/browser-sync-2.6.4.tgz
43 silly lockFile 910860d3-browser-sync-2-6-4 browser-sync@2.6.4
44 silly lockFile 910860d3-browser-sync-2-6-4 browser-sync@2.6.4
45 silly lockFile 6373e9ab-browser-sync browser-sync@
46 silly lockFile 6373e9ab-browser-sync browser-sync@
47 silly resolved [ { name: 'browser-sync',
47 silly resolved     description: 'Live CSS Reload & Browser Syncing',
47 silly resolved     version: '2.6.4',
47 silly resolved     homepage: 'http://www.browsersync.io/',
47 silly resolved     author: { name: 'Shane Osbourne' },
47 silly resolved     repository:
47 silly resolved      { type: 'git',
47 silly resolved        url: 'https://github.com/BrowserSync/browser-sync' },
47 silly resolved     licenses: [ [Object] ],
47 silly resolved     bin: { 'browser-sync': 'bin/browser-sync.js' },
47 silly resolved     files: [ 'bin', 'index.js', 'lib' ],
47 silly resolved     engines: { node: '>= 0.8.0' },
47 silly resolved     scripts:
47 silly resolved      { env: 'node ./test/env.js',
47 silly resolved        test: 'npm run lint && npm run env && npm run unit',
47 silly resolved        lint: 'gulp lint',
47 silly resolved        pro: 'protractor test/protractor/config.single.js',
47 silly resolved        'pro-local': 'node test/protractor/setup.js',
47 silly resolved        unit: 'mocha --recursive test/specs --timeout 10000',
47 silly resolved        cover: 'npm run env && npm run cover-local && npm run coveralls',
47 silly resolved        'cover-local': 'istanbul cover _mocha -- --timeout 10000 --recursive ./test/specs',
47 silly resolved        coveralls: 'istanbul-coveralls',
47 silly resolved        'pre-release': 'npm test && npm run pro-local && npm run pro' },
47 silly resolved     dependencies:
47 silly resolved      { anymatch: '^1.2.1',
47 silly resolved        'async-each-series': '^0.1.1',
47 silly resolved        'browser-sync-client': '^2.0.1',
47 silly resolved        'browser-sync-ui': '^0.5.6',
47 silly resolved        chokidar: '^1.0.1',
47 silly resolved        connect: '^3.3.5',
47 silly resolved        'dev-ip': '^1.0.1',
47 silly resolved        'easy-extender': '^2.3.1',
47 silly resolved        'eazy-logger': '^2.1.2',
47 silly resolved        'emitter-steward': '^0.0.1',
47 silly resolved        foxy: '^10.0.2',
47 silly resolved        immutable: '^3.6.4',
47 silly resolved        localtunnel: '^1.3.0',
47 silly resolved        lodash: '^3.0.1',
47 silly resolved        meow: '^3.1.0',
47 silly resolved        opn: '^1.0.0',
47 silly resolved        portscanner: '^1.0.0',
47 silly resolved        'query-string': '^1.0.0',
47 silly resolved        'resp-modifier': '^2.0.1',
47 silly resolved        'serve-index': '^1.6.3',
47 silly resolved        'serve-static': '^1.9.1',
47 silly resolved        'socket.io': '^1.3.5',
47 silly resolved        'ua-parser-js': '^0.7.3' },
47 silly resolved     devDependencies:
47 silly resolved      { 'browser-sync-spa': '^1.0.2',
47 silly resolved        'bs-html-injector': '^2.0.2',
47 silly resolved        'bs-snippet-injector': '^2.0.1',
47 silly resolved        chai: '^2.1.0',
47 silly resolved        chalk: '^1.0.0',
47 silly resolved        'cli-color': '^0.3.2',
47 silly resolved        'conventional-changelog': '0.0.16',
47 silly resolved        'graceful-fs': '^3.0.2',
47 silly resolved        gulp: '^3.8.10',
47 silly resolved        'gulp-contribs': '^0.0.2',
47 silly resolved        'gulp-filter': '^2.0.0',
47 silly resolved        'gulp-jscs': '^1.3.1',
47 silly resolved        'gulp-jshint': '^1.9.0',
47 silly resolved        'gulp-ruby-sass': '^1.0.1',
47 silly resolved        'gulp-yuidoc': '^0.1.2',
47 silly resolved        istanbul: '^0.3.2',
47 silly resolved        'istanbul-coveralls': '^1.0.0',
47 silly resolved        mocha: '*',
47 silly resolved        q: '^1.2.0',
47 silly resolved        request: '^2.55.0',
47 silly resolved        sinon: '^1.12.1',
47 silly resolved        slugify: '^0.1.0',
47 silly resolved        'socket.io-client': '^1.3.5',
47 silly resolved        supertest: '^0.15.0',
47 silly resolved        vinyl: '^0.4.5' },
47 silly resolved     keywords: [ 'browser sync', 'css', 'live reload', 'sync' ],
47 silly resolved     gitHead: 'f4447bf406ca2358202e4f791bac67d96eed0a93',
47 silly resolved     bugs: { url: 'https://github.com/BrowserSync/browser-sync/issues' },
47 silly resolved     _id: 'browser-sync@2.6.4',
47 silly resolved     _shasum: 'b062a47824273637da4cec188d52923622380b94',
47 silly resolved     _from: 'browser-sync@',
47 silly resolved     _npmVersion: '2.7.3',
47 silly resolved     _nodeVersion: '0.10.26',
47 silly resolved     _npmUser: { name: 'shakyshane', email: 'shakyshane@gmail.com' },
47 silly resolved     maintainers: [ [Object] ],
47 silly resolved     dist:
47 silly resolved      { shasum: 'b062a47824273637da4cec188d52923622380b94',
47 silly resolved        tarball: 'http://registry.npmjs.org/browser-sync/-/browser-sync-2.6.4.tgz' },
47 silly resolved     directories: {},
47 silly resolved     _resolved: 'https://registry.npmjs.org/browser-sync/-/browser-sync-2.6.4.tgz' } ]
48 info install browser-sync@2.6.4 into /usr/lib
49 info installOne browser-sync@2.6.4
50 verbose lib/node_modules/browser-sync unbuild
51 verbose tar unpack /home/annu/.npm/browser-sync/2.6.4/package.tgz
52 silly lockFile c478b3a9-sr-lib-node-modules-browser-sync tar:///usr/lib/node_modules/browser-sync
53 verbose lock tar:///usr/lib/node_modules/browser-sync /home/annu/.npm/c478b3a9-sr-lib-node-modules-browser-sync.lock
54 silly lockFile 441e1287-m-browser-sync-2-6-4-package-tgz tar:///home/annu/.npm/browser-sync/2.6.4/package.tgz
55 verbose lock tar:///home/annu/.npm/browser-sync/2.6.4/package.tgz /home/annu/.npm/441e1287-m-browser-sync-2-6-4-package-tgz.lock
56 silly gunzTarPerm modes [ '775', '664' ]
57 error Error: EACCES, mkdir '/usr/lib/node_modules/browser-sync'
57 error  { [Error: EACCES, mkdir '/usr/lib/node_modules/browser-sync']
57 error   errno: 3,
57 error   code: 'EACCES',
57 error   path: '/usr/lib/node_modules/browser-sync',
57 error   fstream_type: 'Directory',
57 error   fstream_path: '/usr/lib/node_modules/browser-sync',
57 error   fstream_class: 'DirWriter',
57 error   fstream_stack:
57 error    [ '/usr/lib/node_modules/npm/node_modules/fstream/lib/dir-writer.js:36:23',
57 error      '/usr/lib/node_modules/npm/node_modules/mkdirp/index.js:46:53',
57 error      'Object.oncomplete (fs.js:108:15)' ] }
58 error Please try running this command again as root/Administrator.
59 error System Linux 3.16.0-34-generic
60 error command "/usr/bin/node" "/usr/bin/npm" "install" "-g" "browser-sync"
61 error cwd /home/annu/annu
62 error node -v v0.10.37
63 error npm -v 1.4.28
64 error path /usr/lib/node_modules/browser-sync
65 error fstream_path /usr/lib/node_modules/browser-sync
66 error fstream_type Directory
67 error fstream_class DirWriter
68 error code EACCES
69 error errno 3
70 error stack Error: EACCES, mkdir '/usr/lib/node_modules/browser-sync'
71 error fstream_stack /usr/lib/node_modules/npm/node_modules/fstream/lib/dir-writer.js:36:23
71 error fstream_stack /usr/lib/node_modules/npm/node_modules/mkdirp/index.js:46:53
71 error fstream_stack Object.oncomplete (fs.js:108:15)
72 verbose exit [ 3, true ]
